==============================================================================
Tests
==============================================================================
Tests.API
==============================================================================
Tests.API.Negative
==============================================================================
Tests.API.Negative.TC-API-ACC-02
==============================================================================
TC-API-ACC-02 :: This test case is to verify the invalid account r... Status: 400
Response: Could not find customer #9999999
| PASS |
------------------------------------------------------------------------------
Tests.API.Negative.TC-API-ACC-02                                      | PASS |
1 test, 1 passed, 0 failed
==============================================================================
Tests.API.Negative                                                    | PASS |
1 test, 1 passed, 0 failed
==============================================================================
Tests.API                                                             | PASS |
1 test, 1 passed, 0 failed
==============================================================================
Tests                                                                 | PASS |
1 test, 1 passed, 0 failed
==============================================================================
Output:  C:\Users\azads\OneDrive\Desktop\project\reports\pabot_results\0\output.xml
