2026-06-20 12:58:51.483052 ==============================================================================
2026-06-20 12:58:51.484995 Tests
2026-06-20 12:58:51.485082 ==============================================================================
2026-06-20 12:58:51.485130 Tests.API
2026-06-20 12:58:51.487603 ==============================================================================
2026-06-20 12:58:51.487681 Tests.API.Negative
2026-06-20 12:58:51.489863 ==============================================================================
2026-06-20 12:58:51.984509 Tests.API.Negative.TC-API-ACC-02
2026-06-20 12:58:52.026548 ==============================================================================
2026-06-20 12:58:54.467446 TC-API-ACC-02 :: This test case is to verify the invalid account r... Status: 400
2026-06-20 12:58:54.478102 Response: Could not find customer #9999999
2026-06-20 12:58:54.480622 | PASS |
2026-06-20 12:58:54.486490 ------------------------------------------------------------------------------
2026-06-20 12:58:54.486571 Tests.API.Negative.TC-API-ACC-02                                      | PASS |
2026-06-20 12:58:54.492119 1 test, 1 passed, 0 failed
2026-06-20 12:58:54.492217 ==============================================================================
2026-06-20 12:58:54.492371 Tests.API.Negative                                                    | PASS |
2026-06-20 12:58:54.493850 1 test, 1 passed, 0 failed
2026-06-20 12:58:54.493978 ==============================================================================
2026-06-20 12:58:54.494122 Tests.API                                                             | PASS |
2026-06-20 12:58:54.495659 1 test, 1 passed, 0 failed
2026-06-20 12:58:54.495860 ==============================================================================
2026-06-20 12:58:54.495901 Tests                                                                 | PASS |
2026-06-20 12:58:54.497605 1 test, 1 passed, 0 failed
2026-06-20 12:58:54.497649 ==============================================================================
2026-06-20 12:58:54.497676 Output:  C:\Users\azads\OneDrive\Desktop\project\reports\pabot_results\0\output.xml
