2026-06-20 13:00:36.574898 ==============================================================================
2026-06-20 13:00:36.604658 Tests
2026-06-20 13:00:36.604785 ==============================================================================
2026-06-20 13:00:36.604863 Tests.UI
2026-06-20 13:00:36.612986 ==============================================================================
2026-06-20 13:00:36.613211 Tests.UI.Positive
2026-06-20 13:00:36.617125 ==============================================================================
2026-06-20 13:00:37.166923 Tests.UI.Positive.TC-UI-TF-01
2026-06-20 13:00:37.179357 ==============================================================================
2026-06-20 13:00:52.615425 TC-UI-TF-01 :: Test case to transfer funds between two accounts       | PASS |
2026-06-20 13:00:52.620666 ------------------------------------------------------------------------------
2026-06-20 13:00:52.621094 Tests.UI.Positive.TC-UI-TF-01                                         | PASS |
2026-06-20 13:00:52.628050 1 test, 1 passed, 0 failed
2026-06-20 13:00:52.628100 ==============================================================================
2026-06-20 13:00:52.628135 Tests.UI.Positive                                                     | PASS |
2026-06-20 13:00:52.629047 1 test, 1 passed, 0 failed
2026-06-20 13:00:52.629089 ==============================================================================
2026-06-20 13:00:52.629190 Tests.UI                                                              | PASS |
2026-06-20 13:00:52.629894 1 test, 1 passed, 0 failed
2026-06-20 13:00:52.629927 ==============================================================================
2026-06-20 13:00:52.630013 Tests                                                                 | PASS |
2026-06-20 13:00:52.630722 1 test, 1 passed, 0 failed
2026-06-20 13:00:52.630868 ==============================================================================
2026-06-20 13:00:52.631104 Output:  C:\Users\azads\OneDrive\Desktop\project\reports\pabot_results\28\output.xml
