==============================================================================
Tests
==============================================================================
Tests.UI
==============================================================================
Tests.UI.Positive
==============================================================================
Tests.UI.Positive.TC-UI-TF-01
==============================================================================
TC-UI-TF-01 :: Test case to transfer funds between two accounts       | PASS |
------------------------------------------------------------------------------
Tests.UI.Positive.TC-UI-TF-01                                         | PASS |
1 test, 1 passed, 0 failed
==============================================================================
Tests.UI.Positive                                                     | PASS |
1 test, 1 passed, 0 failed
==============================================================================
Tests.UI                                                              | PASS |
1 test, 1 passed, 0 failed
==============================================================================
Tests                                                                 | PASS |
1 test, 1 passed, 0 failed
==============================================================================
Output:  C:\Users\azads\OneDrive\Desktop\project\reports\pabot_results\28\output.xml
