==============================================================================
Tests
==============================================================================
Tests.API
==============================================================================
Tests.API.Positive
==============================================================================
Tests.API.Positive.TC-PERF-03
==============================================================================
TC-PERF-03 :: Verify login + accounts + account details completes ... Customer ID: 12212
Account ID: 13344
{'id': 13344, 'customerId': 12212, 'type': 'CHECKING', 'balance': 4122.93}
Response Time: 5054.481744766235 ms
| PASS |
------------------------------------------------------------------------------
Tests.API.Positive.TC-PERF-03                                         | PASS |
1 test, 1 passed, 0 failed
==============================================================================
Tests.API.Positive                                                    | PASS |
1 test, 1 passed, 0 failed
==============================================================================
Tests.API                                                             | PASS |
1 test, 1 passed, 0 failed
==============================================================================
Tests                                                                 | PASS |
1 test, 1 passed, 0 failed
==============================================================================
Output:  C:\Users\azads\OneDrive\Desktop\project\reports\pabot_results\13\output.xml
