2026-06-20 12:59:11.692123 ==============================================================================
2026-06-20 12:59:11.739137 Tests
2026-06-20 12:59:11.739250 ==============================================================================
2026-06-20 12:59:11.739330 Tests.API
2026-06-20 12:59:11.743230 ==============================================================================
2026-06-20 12:59:11.743291 Tests.API.Positive
2026-06-20 12:59:11.746608 ==============================================================================
2026-06-20 12:59:12.240919 Tests.API.Positive.TC-PERF-03
2026-06-20 12:59:12.283668 ==============================================================================
2026-06-20 12:59:13.955884 TC-PERF-03 :: Verify login + accounts + account details completes ... Customer ID: 12212
2026-06-20 12:59:15.482428 Account ID: 13344
2026-06-20 12:59:17.304529 {'id': 13344, 'customerId': 12212, 'type': 'CHECKING', 'balance': 4122.93}
2026-06-20 12:59:17.340647 Response Time: 5054.481744766235 ms
2026-06-20 12:59:17.352986 | PASS |
2026-06-20 12:59:17.357914 ------------------------------------------------------------------------------
2026-06-20 12:59:17.357996 Tests.API.Positive.TC-PERF-03                                         | PASS |
2026-06-20 12:59:17.367922 1 test, 1 passed, 0 failed
2026-06-20 12:59:17.368062 ==============================================================================
2026-06-20 12:59:17.368125 Tests.API.Positive                                                    | PASS |
2026-06-20 12:59:17.369795 1 test, 1 passed, 0 failed
2026-06-20 12:59:17.369846 ==============================================================================
2026-06-20 12:59:17.369885 Tests.API                                                             | PASS |
2026-06-20 12:59:17.371442 1 test, 1 passed, 0 failed
2026-06-20 12:59:17.371500 ==============================================================================
2026-06-20 12:59:17.371539 Tests                                                                 | PASS |
2026-06-20 12:59:17.373008 1 test, 1 passed, 0 failed
2026-06-20 12:59:17.373087 ==============================================================================
2026-06-20 12:59:17.373136 Output:  C:\Users\azads\OneDrive\Desktop\project\reports\pabot_results\13\output.xml
