2026-06-20 12:58:56.108963 ==============================================================================
2026-06-20 12:58:56.113896 Tests
2026-06-20 12:58:56.113986 ==============================================================================
2026-06-20 12:58:56.114172 Tests.API
2026-06-20 12:58:56.116328 ==============================================================================
2026-06-20 12:58:56.116440 Tests.API.Negative
2026-06-20 12:58:56.118711 ==============================================================================
2026-06-20 12:58:56.611998 Tests.API.Negative.TC-API-LGN-04
2026-06-20 12:58:56.623154 ==============================================================================
2026-06-20 12:58:59.025030 TC-API-LGN-04 :: Login with empty password                            Status Code: 404
2026-06-20 12:58:59.028888 
2026-06-20 12:58:59.030780 | PASS |
2026-06-20 12:58:59.036804 ------------------------------------------------------------------------------
2026-06-20 12:58:59.037230 Tests.API.Negative.TC-API-LGN-04                                      | PASS |
2026-06-20 12:58:59.042454 1 test, 1 passed, 0 failed
2026-06-20 12:58:59.042539 ==============================================================================
2026-06-20 12:58:59.042580 Tests.API.Negative                                                    | PASS |
2026-06-20 12:58:59.044166 1 test, 1 passed, 0 failed
2026-06-20 12:58:59.044208 ==============================================================================
2026-06-20 12:58:59.044344 Tests.API                                                             | PASS |
2026-06-20 12:58:59.045795 1 test, 1 passed, 0 failed
2026-06-20 12:58:59.045844 ==============================================================================
2026-06-20 12:58:59.045878 Tests                                                                 | PASS |
2026-06-20 12:58:59.047057 1 test, 1 passed, 0 failed
2026-06-20 12:58:59.047136 ==============================================================================
2026-06-20 12:58:59.047187 Output:  C:\Users\azads\OneDrive\Desktop\project\reports\pabot_results\4\output.xml
