==============================================================================
Tests
==============================================================================
Tests.API
==============================================================================
Tests.API.Negative
==============================================================================
Tests.API.Negative.TC-API-LGN-04
==============================================================================
TC-API-LGN-04 :: Login with empty password                            Status Code: 404

| PASS |
------------------------------------------------------------------------------
Tests.API.Negative.TC-API-LGN-04                                      | PASS |
1 test, 1 passed, 0 failed
==============================================================================
Tests.API.Negative                                                    | PASS |
1 test, 1 passed, 0 failed
==============================================================================
Tests.API                                                             | PASS |
1 test, 1 passed, 0 failed
==============================================================================
Tests                                                                 | PASS |
1 test, 1 passed, 0 failed
==============================================================================
Output:  C:\Users\azads\OneDrive\Desktop\project\reports\pabot_results\4\output.xml
