2026-06-20 12:58:56.046465 ==============================================================================
2026-06-20 12:58:56.047435 Tests
2026-06-20 12:58:56.047508 ==============================================================================
2026-06-20 12:58:56.047551 Tests.API
2026-06-20 12:58:56.050458 ==============================================================================
2026-06-20 12:58:56.050550 Tests.API.Negative
2026-06-20 12:58:56.053006 ==============================================================================
2026-06-20 12:58:56.549934 Tests.API.Negative.TC-API-LGN-03
2026-06-20 12:58:56.565220 ==============================================================================
2026-06-20 12:58:58.882483 TC-API-LGN-03 :: Login With Empty username                            Status Code: 404
2026-06-20 12:58:58.903740 
2026-06-20 12:58:58.906403 | PASS |
2026-06-20 12:58:58.912994 ------------------------------------------------------------------------------
2026-06-20 12:58:58.913422 Tests.API.Negative.TC-API-LGN-03                                      | PASS |
2026-06-20 12:58:58.918320 1 test, 1 passed, 0 failed
2026-06-20 12:58:58.918495 ==============================================================================
2026-06-20 12:58:58.918541 Tests.API.Negative                                                    | PASS |
2026-06-20 12:58:58.920322 1 test, 1 passed, 0 failed
2026-06-20 12:58:58.920380 ==============================================================================
2026-06-20 12:58:58.920438 Tests.API                                                             | PASS |
2026-06-20 12:58:58.921760 1 test, 1 passed, 0 failed
2026-06-20 12:58:58.921880 ==============================================================================
2026-06-20 12:58:58.921946 Tests                                                                 | PASS |
2026-06-20 12:58:58.923197 1 test, 1 passed, 0 failed
2026-06-20 12:58:58.923269 ==============================================================================
2026-06-20 12:58:58.923310 Output:  C:\Users\azads\OneDrive\Desktop\project\reports\pabot_results\3\output.xml
