2026-06-20 12:59:04.078157 ==============================================================================
2026-06-20 12:59:04.080407 Tests
2026-06-20 12:59:04.080519 ==============================================================================
2026-06-20 12:59:04.080596 Tests.API
2026-06-20 12:59:04.083403 ==============================================================================
2026-06-20 12:59:04.083492 Tests.API.Positive
2026-06-20 12:59:04.086475 ==============================================================================
2026-06-20 12:59:04.580080 Tests.API.Positive.TC-API-CUST-01
2026-06-20 12:59:04.637685 ==============================================================================
2026-06-20 12:59:06.253447 TC-API-CUST-01 :: Get Customer Details by ID                          Customer ID: 12212
2026-06-20 12:59:08.424471 Account ID: 13344
2026-06-20 12:59:10.050674 {'id': 12212, 'firstName': 'John', 'lastName': 'Smith', 'address': {'street': '1431 Main St', 'city': 'Beverly Hills', 'state': 'CA', 'zipCode': '90210'}, 'phoneNumber': '310-447-4121', 'ssn': '622-11-9999'}
2026-06-20 12:59:10.098366 | PASS |
2026-06-20 12:59:10.113181 ------------------------------------------------------------------------------
2026-06-20 12:59:10.113467 Tests.API.Positive.TC-API-CUST-01                                     | PASS |
2026-06-20 12:59:10.120621 1 test, 1 passed, 0 failed
2026-06-20 12:59:10.120680 ==============================================================================
2026-06-20 12:59:10.120716 Tests.API.Positive                                                    | PASS |
2026-06-20 12:59:10.121770 1 test, 1 passed, 0 failed
2026-06-20 12:59:10.121823 ==============================================================================
2026-06-20 12:59:10.121860 Tests.API                                                             | PASS |
2026-06-20 12:59:10.123155 1 test, 1 passed, 0 failed
2026-06-20 12:59:10.123207 ==============================================================================
2026-06-20 12:59:10.123247 Tests                                                                 | PASS |
2026-06-20 12:59:10.123760 1 test, 1 passed, 0 failed
2026-06-20 12:59:10.123825 ==============================================================================
2026-06-20 12:59:10.123865 Output:  C:\Users\azads\OneDrive\Desktop\project\reports\pabot_results\9\output.xml
