==============================================================================
Tests
==============================================================================
Tests.API
==============================================================================
Tests.API.Positive
==============================================================================
Tests.API.Positive.TC-API-CUST-01
==============================================================================
TC-API-CUST-01 :: Get Customer Details by ID                          Customer ID: 12212
Account ID: 13344
{'id': 12212, 'firstName': 'John', 'lastName': 'Smith', 'address': {'street': '1431 Main St', 'city': 'Beverly Hills', 'state': 'CA', 'zipCode': '90210'}, 'phoneNumber': '310-447-4121', 'ssn': '622-11-9999'}
| PASS |
------------------------------------------------------------------------------
Tests.API.Positive.TC-API-CUST-01                                     | PASS |
1 test, 1 passed, 0 failed
==============================================================================
Tests.API.Positive                                                    | PASS |
1 test, 1 passed, 0 failed
==============================================================================
Tests.API                                                             | PASS |
1 test, 1 passed, 0 failed
==============================================================================
Tests                                                                 | PASS |
1 test, 1 passed, 0 failed
==============================================================================
Output:  C:\Users\azads\OneDrive\Desktop\project\reports\pabot_results\9\output.xml
