2026-06-20 13:00:36.698948 ==============================================================================
2026-06-20 13:00:36.729298 Tests
2026-06-20 13:00:36.729408 ==============================================================================
2026-06-20 13:00:36.729488 Tests.UI
2026-06-20 13:00:36.732484 ==============================================================================
2026-06-20 13:00:36.732571 Tests.UI.Positive
2026-06-20 13:00:36.736049 ==============================================================================
2026-06-20 13:00:37.229344 Tests.UI.Positive.TC-UI-TF-07
2026-06-20 13:00:37.282002 ==============================================================================
2026-06-20 13:00:52.272899 TC-UI-TF-07 :: Test case to transfer funds between two accounts wi... | PASS |
2026-06-20 13:00:52.309764 ------------------------------------------------------------------------------
2026-06-20 13:00:52.310179 Tests.UI.Positive.TC-UI-TF-07                                         | PASS |
2026-06-20 13:00:52.319130 1 test, 1 passed, 0 failed
2026-06-20 13:00:52.319327 ==============================================================================
2026-06-20 13:00:52.319391 Tests.UI.Positive                                                     | PASS |
2026-06-20 13:00:52.320752 1 test, 1 passed, 0 failed
2026-06-20 13:00:52.320806 ==============================================================================
2026-06-20 13:00:52.320846 Tests.UI                                                              | PASS |
2026-06-20 13:00:52.322206 1 test, 1 passed, 0 failed
2026-06-20 13:00:52.322273 ==============================================================================
2026-06-20 13:00:52.322303 Tests                                                                 | PASS |
2026-06-20 13:00:52.323483 1 test, 1 passed, 0 failed
2026-06-20 13:00:52.323547 ==============================================================================
2026-06-20 13:00:52.323577 Output:  C:\Users\azads\OneDrive\Desktop\project\reports\pabot_results\29\output.xml
