2026-06-20 12:59:06.176553 ==============================================================================
2026-06-20 12:59:06.206784 Tests
2026-06-20 12:59:06.206911 ==============================================================================
2026-06-20 12:59:06.206989 Tests.API
2026-06-20 12:59:06.210084 ==============================================================================
2026-06-20 12:59:06.210141 Tests.API.Positive
2026-06-20 12:59:06.212533 ==============================================================================
2026-06-20 12:59:06.771827 Tests.API.Positive.TC-API-LGN-01
2026-06-20 12:59:06.809072 ==============================================================================
2026-06-20 12:59:08.425027 TC-API-LGN-01 :: test case is to verify the login                     Customer ID: 12212
2026-06-20 12:59:08.432355 | PASS |
2026-06-20 12:59:08.434641 ------------------------------------------------------------------------------
2026-06-20 12:59:08.443502 Tests.API.Positive.TC-API-LGN-01                                      | PASS |
2026-06-20 12:59:08.443599 1 test, 1 passed, 0 failed
2026-06-20 12:59:08.443642 ==============================================================================
2026-06-20 12:59:08.443679 Tests.API.Positive                                                    | PASS |
2026-06-20 12:59:08.443722 1 test, 1 passed, 0 failed
2026-06-20 12:59:08.443760 ==============================================================================
2026-06-20 12:59:08.443795 Tests.API                                                             | PASS |
2026-06-20 12:59:08.444888 1 test, 1 passed, 0 failed
2026-06-20 12:59:08.445102 ==============================================================================
2026-06-20 12:59:08.445142 Tests                                                                 | PASS |
2026-06-20 12:59:08.446188 1 test, 1 passed, 0 failed
2026-06-20 12:59:08.446309 ==============================================================================
2026-06-20 12:59:08.446360 Output:  C:\Users\azads\OneDrive\Desktop\project\reports\pabot_results\10\output.xml
