2026-06-20 12:59:53.350781 ==============================================================================
2026-06-20 12:59:53.373808 Tests
2026-06-20 12:59:53.373919 ==============================================================================
2026-06-20 12:59:53.373978 Tests.UI
2026-06-20 12:59:53.379265 ==============================================================================
2026-06-20 12:59:53.379331 Tests.UI.Negative
2026-06-20 12:59:53.387476 ==============================================================================
2026-06-20 12:59:54.196199 Tests.UI.Negative.TC-UI-TF-05
2026-06-20 12:59:54.223663 ==============================================================================
2026-06-20 13:00:08.837771 TC-UI-TF-05 :: Test case to transfer funds between two accounts wi... | PASS |
2026-06-20 13:00:08.890869 ------------------------------------------------------------------------------
2026-06-20 13:00:08.899917 Tests.UI.Negative.TC-UI-TF-05                                         | PASS |
2026-06-20 13:00:08.908049 1 test, 1 passed, 0 failed
2026-06-20 13:00:08.908100 ==============================================================================
2026-06-20 13:00:08.908129 Tests.UI.Negative                                                     | PASS |
2026-06-20 13:00:08.910210 1 test, 1 passed, 0 failed
2026-06-20 13:00:08.910262 ==============================================================================
2026-06-20 13:00:08.910296 Tests.UI                                                              | PASS |
2026-06-20 13:00:08.911956 1 test, 1 passed, 0 failed
2026-06-20 13:00:08.912020 ==============================================================================
2026-06-20 13:00:08.912055 Tests                                                                 | PASS |
2026-06-20 13:00:08.913680 1 test, 1 passed, 0 failed
2026-06-20 13:00:08.914009 ==============================================================================
2026-06-20 13:00:08.914043 Output:  C:\Users\azads\OneDrive\Desktop\project\reports\pabot_results\21\output.xml
