==============================================================================
Tests
==============================================================================
Tests.Hybrid
==============================================================================
Tests.Hybrid.TC-E2E-01
==============================================================================
TC-E2E-01 :: Create Account via UI and Validate via API               Customer ID: 12212
| PASS |
------------------------------------------------------------------------------
Tests.Hybrid.TC-E2E-01                                                | PASS |
1 test, 1 passed, 0 failed
==============================================================================
Tests.Hybrid                                                          | PASS |
1 test, 1 passed, 0 failed
==============================================================================
Tests                                                                 | PASS |
1 test, 1 passed, 0 failed
==============================================================================
Output:  C:\Users\azads\OneDrive\Desktop\project\reports\pabot_results\14\output.xml
