2026-06-20 12:59:11.879324 ==============================================================================
2026-06-20 12:59:11.915912 Tests
2026-06-20 12:59:11.916017 ==============================================================================
2026-06-20 12:59:11.916085 Tests.Hybrid
2026-06-20 12:59:11.919325 ==============================================================================
2026-06-20 12:59:12.972879 Tests.Hybrid.TC-E2E-01
2026-06-20 12:59:12.988514 ==============================================================================
2026-06-20 12:59:22.602084 TC-E2E-01 :: Create Account via UI and Validate via API               Customer ID: 12212
2026-06-20 12:59:31.425760 | PASS |
2026-06-20 12:59:31.480689 ------------------------------------------------------------------------------
2026-06-20 12:59:31.480784 Tests.Hybrid.TC-E2E-01                                                | PASS |
2026-06-20 12:59:31.495343 1 test, 1 passed, 0 failed
2026-06-20 12:59:31.495422 ==============================================================================
2026-06-20 12:59:31.495458 Tests.Hybrid                                                          | PASS |
2026-06-20 12:59:31.495777 1 test, 1 passed, 0 failed
2026-06-20 12:59:31.495911 ==============================================================================
2026-06-20 12:59:31.495953 Tests                                                                 | PASS |
2026-06-20 12:59:31.497238 1 test, 1 passed, 0 failed
2026-06-20 12:59:31.497370 ==============================================================================
2026-06-20 12:59:31.497446 Output:  C:\Users\azads\OneDrive\Desktop\project\reports\pabot_results\14\output.xml
