==============================================================================
Tests
==============================================================================
Tests.API
==============================================================================
Tests.API.Positive
==============================================================================
Tests.API.Positive.TC-API-ACC-01
==============================================================================
TC-API-ACC-01 :: This test case is to verify the valid account ret... Customer ID: 12212
Account ID: 13344
| PASS |
------------------------------------------------------------------------------
Tests.API.Positive.TC-API-ACC-01                                      | PASS |
1 test, 1 passed, 0 failed
==============================================================================
Tests.API.Positive                                                    | PASS |
1 test, 1 passed, 0 failed
==============================================================================
Tests.API                                                             | PASS |
1 test, 1 passed, 0 failed
==============================================================================
Tests                                                                 | PASS |
1 test, 1 passed, 0 failed
==============================================================================
Output:  C:\Users\azads\OneDrive\Desktop\project\reports\pabot_results\7\output.xml
