2026-06-20 12:59:00.511239 ==============================================================================
2026-06-20 12:59:00.548875 Tests
2026-06-20 12:59:00.548980 ==============================================================================
2026-06-20 12:59:00.549030 Tests.API
2026-06-20 12:59:00.551276 ==============================================================================
2026-06-20 12:59:00.551365 Tests.API.Positive
2026-06-20 12:59:00.553388 ==============================================================================
2026-06-20 12:59:01.041772 Tests.API.Positive.TC-API-ACC-01
2026-06-20 12:59:01.098320 ==============================================================================
2026-06-20 12:59:02.898636 TC-API-ACC-01 :: This test case is to verify the valid account ret... Customer ID: 12212
2026-06-20 12:59:04.579956 Account ID: 13344
2026-06-20 12:59:04.636098 | PASS |
2026-06-20 12:59:04.638302 ------------------------------------------------------------------------------
2026-06-20 12:59:04.643366 Tests.API.Positive.TC-API-ACC-01                                      | PASS |
2026-06-20 12:59:04.645958 1 test, 1 passed, 0 failed
2026-06-20 12:59:04.646031 ==============================================================================
2026-06-20 12:59:04.646069 Tests.API.Positive                                                    | PASS |
2026-06-20 12:59:04.648143 1 test, 1 passed, 0 failed
2026-06-20 12:59:04.648194 ==============================================================================
2026-06-20 12:59:04.648223 Tests.API                                                             | PASS |
2026-06-20 12:59:04.649550 1 test, 1 passed, 0 failed
2026-06-20 12:59:04.649665 ==============================================================================
2026-06-20 12:59:04.649704 Tests                                                                 | PASS |
2026-06-20 12:59:04.651155 1 test, 1 passed, 0 failed
2026-06-20 12:59:04.651242 ==============================================================================
2026-06-20 12:59:04.651322 Output:  C:\Users\azads\OneDrive\Desktop\project\reports\pabot_results\7\output.xml
