2026-06-20 12:59:38.189281 ==============================================================================
2026-06-20 12:59:38.236136 Tests
2026-06-20 12:59:38.236252 ==============================================================================
2026-06-20 12:59:38.236321 Tests.UI
2026-06-20 12:59:38.240704 ==============================================================================
2026-06-20 12:59:38.240794 Tests.UI.Negative
2026-06-20 12:59:38.245071 ==============================================================================
2026-06-20 12:59:38.798306 Tests.UI.Negative.TC-UI-LGN-05
2026-06-20 12:59:38.850319 ==============================================================================
2026-06-20 12:59:49.942401 TC-UI-LGN-05 :: verify the login functionality with empty fields.     | PASS |
2026-06-20 12:59:49.949194 ------------------------------------------------------------------------------
2026-06-20 12:59:49.949856 Tests.UI.Negative.TC-UI-LGN-05                                        | PASS |
2026-06-20 12:59:49.957718 1 test, 1 passed, 0 failed
2026-06-20 12:59:49.957790 ==============================================================================
2026-06-20 12:59:49.957829 Tests.UI.Negative                                                     | PASS |
2026-06-20 12:59:49.959649 1 test, 1 passed, 0 failed
2026-06-20 12:59:49.959769 ==============================================================================
2026-06-20 12:59:49.959819 Tests.UI                                                              | PASS |
2026-06-20 12:59:49.961561 1 test, 1 passed, 0 failed
2026-06-20 12:59:49.961641 ==============================================================================
2026-06-20 12:59:49.961676 Tests                                                                 | PASS |
2026-06-20 12:59:49.962716 1 test, 1 passed, 0 failed
2026-06-20 12:59:49.962760 ==============================================================================
2026-06-20 12:59:49.962791 Output:  C:\Users\azads\OneDrive\Desktop\project\reports\pabot_results\18\output.xml
