==============================================================================
Tests
==============================================================================
Tests.UI
==============================================================================
Tests.UI.Negative
==============================================================================
Tests.UI.Negative.TC-UI-LGN-05
==============================================================================
TC-UI-LGN-05 :: verify the login functionality with empty fields.     | PASS |
------------------------------------------------------------------------------
Tests.UI.Negative.TC-UI-LGN-05                                        | PASS |
1 test, 1 passed, 0 failed
==============================================================================
Tests.UI.Negative                                                     | PASS |
1 test, 1 passed, 0 failed
==============================================================================
Tests.UI                                                              | PASS |
1 test, 1 passed, 0 failed
==============================================================================
Tests                                                                 | PASS |
1 test, 1 passed, 0 failed
==============================================================================
Output:  C:\Users\azads\OneDrive\Desktop\project\reports\pabot_results\18\output.xml
