2026-06-20 12:58:51.436797 ==============================================================================
2026-06-20 12:58:51.469251 Tests
2026-06-20 12:58:51.469377 ==============================================================================
2026-06-20 12:58:51.469454 Tests.API
2026-06-20 12:58:51.471871 ==============================================================================
2026-06-20 12:58:51.471928 Tests.API.Negative
2026-06-20 12:58:51.474091 ==============================================================================
2026-06-20 12:58:51.969207 Tests.API.Negative.TC-API-LGN-02
2026-06-20 12:58:52.003402 ==============================================================================
2026-06-20 12:58:54.450757 TC-API-LGN-02 :: Login with Invalid Credentials                       Status Code: 400
2026-06-20 12:58:54.473822 Invalid username and/or password
2026-06-20 12:58:54.478200 | PASS |
2026-06-20 12:58:54.482415 ------------------------------------------------------------------------------
2026-06-20 12:58:54.482463 Tests.API.Negative.TC-API-LGN-02                                      | PASS |
2026-06-20 12:58:54.487028 1 test, 1 passed, 0 failed
2026-06-20 12:58:54.487320 ==============================================================================
2026-06-20 12:58:54.487447 Tests.API.Negative                                                    | PASS |
2026-06-20 12:58:54.488836 1 test, 1 passed, 0 failed
2026-06-20 12:58:54.488891 ==============================================================================
2026-06-20 12:58:54.488939 Tests.API                                                             | PASS |
2026-06-20 12:58:54.490488 1 test, 1 passed, 0 failed
2026-06-20 12:58:54.490531 ==============================================================================
2026-06-20 12:58:54.490563 Tests                                                                 | PASS |
2026-06-20 12:58:54.491839 1 test, 1 passed, 0 failed
2026-06-20 12:58:54.491885 ==============================================================================
2026-06-20 12:58:54.492295 Output:  C:\Users\azads\OneDrive\Desktop\project\reports\pabot_results\2\output.xml
