==============================================================================
Tests
==============================================================================
Tests.API
==============================================================================
Tests.API.Negative
==============================================================================
Tests.API.Negative.TC-API-LGN-02
==============================================================================
TC-API-LGN-02 :: Login with Invalid Credentials                       Status Code: 400
Invalid username and/or password
| PASS |
------------------------------------------------------------------------------
Tests.API.Negative.TC-API-LGN-02                                      | PASS |
1 test, 1 passed, 0 failed
==============================================================================
Tests.API.Negative                                                    | PASS |
1 test, 1 passed, 0 failed
==============================================================================
Tests.API                                                             | PASS |
1 test, 1 passed, 0 failed
==============================================================================
Tests                                                                 | PASS |
1 test, 1 passed, 0 failed
==============================================================================
Output:  C:\Users\azads\OneDrive\Desktop\project\reports\pabot_results\2\output.xml
