2026-06-20 12:59:33.206324 ==============================================================================
2026-06-20 12:59:33.217898 Tests
2026-06-20 12:59:33.217985 ==============================================================================
2026-06-20 12:59:33.218049 Tests.UI
2026-06-20 12:59:33.220279 ==============================================================================
2026-06-20 12:59:33.220363 Tests.UI.Negative
2026-06-20 12:59:33.222140 ==============================================================================
2026-06-20 12:59:33.657411 Tests.UI.Negative.TC-UI-LGN-02
2026-06-20 12:59:33.701063 ==============================================================================
2026-06-20 12:59:45.650886 TC-UI-LGN-02 :: verify the login functionality with invalid Password. | PASS |
2026-06-20 12:59:45.704959 ------------------------------------------------------------------------------
2026-06-20 12:59:45.714213 Tests.UI.Negative.TC-UI-LGN-02                                        | PASS |
2026-06-20 12:59:45.714293 1 test, 1 passed, 0 failed
2026-06-20 12:59:45.714330 ==============================================================================
2026-06-20 12:59:45.714363 Tests.UI.Negative                                                     | PASS |
2026-06-20 12:59:45.714708 1 test, 1 passed, 0 failed
2026-06-20 12:59:45.715010 ==============================================================================
2026-06-20 12:59:45.715050 Tests.UI                                                              | PASS |
2026-06-20 12:59:45.715861 1 test, 1 passed, 0 failed
2026-06-20 12:59:45.715936 ==============================================================================
2026-06-20 12:59:45.715969 Tests                                                                 | PASS |
2026-06-20 12:59:45.716653 1 test, 1 passed, 0 failed
2026-06-20 12:59:45.716686 ==============================================================================
2026-06-20 12:59:45.716721 Output:  C:\Users\azads\OneDrive\Desktop\project\reports\pabot_results\17\output.xml
