2026-06-20 13:00:05.707734 ==============================================================================
2026-06-20 13:00:05.722217 Tests
2026-06-20 13:00:05.722329 ==============================================================================
2026-06-20 13:00:05.722405 Tests.UI
2026-06-20 13:00:05.725781 ==============================================================================
2026-06-20 13:00:05.725834 Tests.UI.Positive
2026-06-20 13:00:05.728402 ==============================================================================
2026-06-20 13:00:06.165156 Tests.UI.Positive.TC-UI-LGN-01
2026-06-20 13:00:06.203948 ==============================================================================
2026-06-20 13:00:18.521888 TC-UI-LGN-01 :: This test case is to verify the login functionalit... | PASS |
2026-06-20 13:00:18.569729 ------------------------------------------------------------------------------
2026-06-20 13:00:18.570692 Tests.UI.Positive.TC-UI-LGN-01                                        | PASS |
2026-06-20 13:00:18.570805 1 test, 1 passed, 0 failed
2026-06-20 13:00:18.570844 ==============================================================================
2026-06-20 13:00:18.570878 Tests.UI.Positive                                                     | PASS |
2026-06-20 13:00:18.570907 1 test, 1 passed, 0 failed
2026-06-20 13:00:18.570935 ==============================================================================
2026-06-20 13:00:18.570965 Tests.UI                                                              | PASS |
2026-06-20 13:00:18.570996 1 test, 1 passed, 0 failed
2026-06-20 13:00:18.571027 ==============================================================================
2026-06-20 13:00:18.571058 Tests                                                                 | PASS |
2026-06-20 13:00:18.571090 1 test, 1 passed, 0 failed
2026-06-20 13:00:18.571320 ==============================================================================
2026-06-20 13:00:18.571382 Output:  C:\Users\azads\OneDrive\Desktop\project\reports\pabot_results\23\output.xml
