==============================================================================
Tests
==============================================================================
Tests.UI
==============================================================================
Tests.UI.Positive
==============================================================================
Tests.UI.Positive.TC-UI-LGN-06
==============================================================================
TC-UI-LGN-06 :: verify the login functionality with invalid password. | PASS |
------------------------------------------------------------------------------
Tests.UI.Positive.TC-UI-LGN-06                                        | PASS |
1 test, 1 passed, 0 failed
==============================================================================
Tests.UI.Positive                                                     | PASS |
1 test, 1 passed, 0 failed
==============================================================================
Tests.UI                                                              | PASS |
1 test, 1 passed, 0 failed
==============================================================================
Tests                                                                 | PASS |
1 test, 1 passed, 0 failed
==============================================================================
Output:  C:\Users\azads\OneDrive\Desktop\project\reports\pabot_results\24\output.xml
