2026-06-20 13:00:10.974679 ==============================================================================
2026-06-20 13:00:11.018599 Tests
2026-06-20 13:00:11.018749 ==============================================================================
2026-06-20 13:00:11.018828 Tests.UI
2026-06-20 13:00:11.021813 ==============================================================================
2026-06-20 13:00:11.021879 Tests.UI.Positive
2026-06-20 13:00:11.024855 ==============================================================================
2026-06-20 13:00:11.649286 Tests.UI.Positive.TC-UI-LGN-06
2026-06-20 13:00:11.669490 ==============================================================================
2026-06-20 13:00:24.694679 TC-UI-LGN-06 :: verify the login functionality with invalid password. | PASS |
2026-06-20 13:00:24.701163 ------------------------------------------------------------------------------
2026-06-20 13:00:24.709984 Tests.UI.Positive.TC-UI-LGN-06                                        | PASS |
2026-06-20 13:00:24.715813 1 test, 1 passed, 0 failed
2026-06-20 13:00:24.715867 ==============================================================================
2026-06-20 13:00:24.715893 Tests.UI.Positive                                                     | PASS |
2026-06-20 13:00:24.717536 1 test, 1 passed, 0 failed
2026-06-20 13:00:24.717584 ==============================================================================
2026-06-20 13:00:24.717612 Tests.UI                                                              | PASS |
2026-06-20 13:00:24.718964 1 test, 1 passed, 0 failed
2026-06-20 13:00:24.719012 ==============================================================================
2026-06-20 13:00:24.719043 Tests                                                                 | PASS |
2026-06-20 13:00:24.720221 1 test, 1 passed, 0 failed
2026-06-20 13:00:24.720283 ==============================================================================
2026-06-20 13:00:24.720338 Output:  C:\Users\azads\OneDrive\Desktop\project\reports\pabot_results\24\output.xml
