2026-06-20 12:59:47.642716 ==============================================================================
2026-06-20 12:59:47.657782 Tests
2026-06-20 12:59:47.657907 ==============================================================================
2026-06-20 12:59:47.658015 Tests.UI
2026-06-20 12:59:47.660704 ==============================================================================
2026-06-20 12:59:47.660794 Tests.UI.Negative
2026-06-20 12:59:47.663253 ==============================================================================
2026-06-20 12:59:48.158657 Tests.UI.Negative.TC-UI-REG-02
2026-06-20 12:59:48.172598 ==============================================================================
2026-06-20 13:00:02.596668 TC-UI-REG-02 :: This test case is to verify the registration funct... | PASS |
2026-06-20 13:00:02.649042 ------------------------------------------------------------------------------
2026-06-20 13:00:02.649505 Tests.UI.Negative.TC-UI-REG-02                                        | PASS |
2026-06-20 13:00:02.658904 1 test, 1 passed, 0 failed
2026-06-20 13:00:02.659034 ==============================================================================
2026-06-20 13:00:02.659103 Tests.UI.Negative                                                     | PASS |
2026-06-20 13:00:02.660555 1 test, 1 passed, 0 failed
2026-06-20 13:00:02.660646 ==============================================================================
2026-06-20 13:00:02.660678 Tests.UI                                                              | PASS |
2026-06-20 13:00:02.662019 1 test, 1 passed, 0 failed
2026-06-20 13:00:02.662063 ==============================================================================
2026-06-20 13:00:02.662096 Tests                                                                 | PASS |
2026-06-20 13:00:02.663324 1 test, 1 passed, 0 failed
2026-06-20 13:00:02.663392 ==============================================================================
2026-06-20 13:00:02.663435 Output:  C:\Users\azads\OneDrive\Desktop\project\reports\pabot_results\19\output.xml
