==============================================================================
Tests
==============================================================================
Tests.UI
==============================================================================
Tests.UI.Negative
==============================================================================
Tests.UI.Negative.TC-UI-REG-02
==============================================================================
TC-UI-REG-02 :: This test case is to verify the registration funct... | PASS |
------------------------------------------------------------------------------
Tests.UI.Negative.TC-UI-REG-02                                        | PASS |
1 test, 1 passed, 0 failed
==============================================================================
Tests.UI.Negative                                                     | PASS |
1 test, 1 passed, 0 failed
==============================================================================
Tests.UI                                                              | PASS |
1 test, 1 passed, 0 failed
==============================================================================
Tests                                                                 | PASS |
1 test, 1 passed, 0 failed
==============================================================================
Output:  C:\Users\azads\OneDrive\Desktop\project\reports\pabot_results\19\output.xml
