2026-06-20 13:00:20.137507 ==============================================================================
2026-06-20 13:00:20.180073 Tests
2026-06-20 13:00:20.180151 ==============================================================================
2026-06-20 13:00:20.180194 Tests.UI
2026-06-20 13:00:20.182342 ==============================================================================
2026-06-20 13:00:20.182393 Tests.UI.Positive
2026-06-20 13:00:20.184584 ==============================================================================
2026-06-20 13:00:20.621761 Tests.UI.Positive.TC-UI-OA-01
2026-06-20 13:00:20.683544 ==============================================================================
2026-06-20 13:00:34.715660 TC-UI-OA-01 :: Verify that user can open new account successfully     | PASS |
2026-06-20 13:00:34.751389 ------------------------------------------------------------------------------
2026-06-20 13:00:34.751896 Tests.UI.Positive.TC-UI-OA-01                                         | PASS |
2026-06-20 13:00:34.759808 1 test, 1 passed, 0 failed
2026-06-20 13:00:34.759932 ==============================================================================
2026-06-20 13:00:34.760011 Tests.UI.Positive                                                     | PASS |
2026-06-20 13:00:34.761092 1 test, 1 passed, 0 failed
2026-06-20 13:00:34.761411 ==============================================================================
2026-06-20 13:00:34.761484 Tests.UI                                                              | PASS |
2026-06-20 13:00:34.762823 1 test, 1 passed, 0 failed
2026-06-20 13:00:34.762867 ==============================================================================
2026-06-20 13:00:34.762899 Tests                                                                 | PASS |
2026-06-20 13:00:34.764003 1 test, 1 passed, 0 failed
2026-06-20 13:00:34.764141 ==============================================================================
2026-06-20 13:00:34.764178 Output:  C:\Users\azads\OneDrive\Desktop\project\reports\pabot_results\25\output.xml
