==============================================================================
Tests
==============================================================================
Tests.API
==============================================================================
Tests.API.Negative
==============================================================================
Tests.API.Negative.TC-PERF-05
==============================================================================
TC_PERF_05 :: Verify invalid account request completes within 2 se... Response Time: 1794.5630550384521 ms
| PASS |
------------------------------------------------------------------------------
Tests.API.Negative.TC-PERF-05                                         | PASS |
1 test, 1 passed, 0 failed
==============================================================================
Tests.API.Negative                                                    | PASS |
1 test, 1 passed, 0 failed
==============================================================================
Tests.API                                                             | PASS |
1 test, 1 passed, 0 failed
==============================================================================
Tests                                                                 | PASS |
1 test, 1 passed, 0 failed
==============================================================================
Output:  C:\Users\azads\OneDrive\Desktop\project\reports\pabot_results\6\output.xml
