2026-06-20 12:59:00.043321 ==============================================================================
2026-06-20 12:59:00.088509 Tests
2026-06-20 12:59:00.088584 ==============================================================================
2026-06-20 12:59:00.088628 Tests.API
2026-06-20 12:59:00.092408 ==============================================================================
2026-06-20 12:59:00.092497 Tests.API.Negative
2026-06-20 12:59:00.094934 ==============================================================================
2026-06-20 12:59:00.651662 Tests.API.Negative.TC-PERF-05
2026-06-20 12:59:00.660080 ==============================================================================
2026-06-20 12:59:02.463896 TC_PERF_05 :: Verify invalid account request completes within 2 se... Response Time: 1794.5630550384521 ms
2026-06-20 12:59:02.474208 | PASS |
2026-06-20 12:59:02.482237 ------------------------------------------------------------------------------
2026-06-20 12:59:02.491460 Tests.API.Negative.TC-PERF-05                                         | PASS |
2026-06-20 12:59:02.491549 1 test, 1 passed, 0 failed
2026-06-20 12:59:02.491591 ==============================================================================
2026-06-20 12:59:02.491629 Tests.API.Negative                                                    | PASS |
2026-06-20 12:59:02.491666 1 test, 1 passed, 0 failed
2026-06-20 12:59:02.491705 ==============================================================================
2026-06-20 12:59:02.491741 Tests.API                                                             | PASS |
2026-06-20 12:59:02.491775 1 test, 1 passed, 0 failed
2026-06-20 12:59:02.491797 ==============================================================================
2026-06-20 12:59:02.491818 Tests                                                                 | PASS |
2026-06-20 12:59:02.491838 1 test, 1 passed, 0 failed
2026-06-20 12:59:02.491859 ==============================================================================
2026-06-20 12:59:02.491880 Output:  C:\Users\azads\OneDrive\Desktop\project\reports\pabot_results\6\output.xml
