==============================================================================
Tests
==============================================================================
Tests.API
==============================================================================
Tests.API.Positive
==============================================================================
Tests.API.Positive.TC-PERF-01
==============================================================================
TC-PERF-01 :: Verify login api within 2 sec                           Response Time: 1.694251 seconds
| PASS |
------------------------------------------------------------------------------
Tests.API.Positive.TC-PERF-01                                         | PASS |
1 test, 1 passed, 0 failed
==============================================================================
Tests.API.Positive                                                    | PASS |
1 test, 1 passed, 0 failed
==============================================================================
Tests.API                                                             | PASS |
1 test, 1 passed, 0 failed
==============================================================================
Tests                                                                 | PASS |
1 test, 1 passed, 0 failed
==============================================================================
Output:  C:\Users\azads\OneDrive\Desktop\project\reports\pabot_results\11\output.xml
