2026-06-20 12:59:08.079704 ==============================================================================
2026-06-20 12:59:08.087798 Tests
2026-06-20 12:59:08.087873 ==============================================================================
2026-06-20 12:59:08.087921 Tests.API
2026-06-20 12:59:08.090039 ==============================================================================
2026-06-20 12:59:08.090084 Tests.API.Positive
2026-06-20 12:59:08.092012 ==============================================================================
2026-06-20 12:59:08.660224 Tests.API.Positive.TC-PERF-01
2026-06-20 12:59:08.676565 ==============================================================================
2026-06-20 12:59:10.362534 TC-PERF-01 :: Verify login api within 2 sec                           Response Time: 1.694251 seconds
2026-06-20 12:59:10.374209 | PASS |
2026-06-20 12:59:10.376938 ------------------------------------------------------------------------------
2026-06-20 12:59:10.377346 Tests.API.Positive.TC-PERF-01                                         | PASS |
2026-06-20 12:59:10.381594 1 test, 1 passed, 0 failed
2026-06-20 12:59:10.381689 ==============================================================================
2026-06-20 12:59:10.381759 Tests.API.Positive                                                    | PASS |
2026-06-20 12:59:10.383145 1 test, 1 passed, 0 failed
2026-06-20 12:59:10.383205 ==============================================================================
2026-06-20 12:59:10.383351 Tests.API                                                             | PASS |
2026-06-20 12:59:10.384255 1 test, 1 passed, 0 failed
2026-06-20 12:59:10.384322 ==============================================================================
2026-06-20 12:59:10.384466 Tests                                                                 | PASS |
2026-06-20 12:59:10.385236 1 test, 1 passed, 0 failed
2026-06-20 12:59:10.385404 ==============================================================================
2026-06-20 12:59:10.385439 Output:  C:\Users\azads\OneDrive\Desktop\project\reports\pabot_results\11\output.xml
