==============================================================================
Tests
==============================================================================
Tests.UI
==============================================================================
Tests.UI.Positive
==============================================================================
Tests.UI.Positive.TC-UI-REG-01
==============================================================================
TC-UI-REG-01 :: This test case is to verify the registration funct... | PASS |
------------------------------------------------------------------------------
Tests.UI.Positive.TC-UI-REG-01                                        | PASS |
1 test, 1 passed, 0 failed
==============================================================================
Tests.UI.Positive                                                     | PASS |
1 test, 1 passed, 0 failed
==============================================================================
Tests.UI                                                              | PASS |
1 test, 1 passed, 0 failed
==============================================================================
Tests                                                                 | PASS |
1 test, 1 passed, 0 failed
==============================================================================
Output:  C:\Users\azads\OneDrive\Desktop\project\reports\pabot_results\27\output.xml
