2026-06-20 13:00:26.764570 ==============================================================================
2026-06-20 13:00:26.817964 Tests
2026-06-20 13:00:26.818078 ==============================================================================
2026-06-20 13:00:26.818154 Tests.UI
2026-06-20 13:00:26.820870 ==============================================================================
2026-06-20 13:00:26.820957 Tests.UI.Positive
2026-06-20 13:00:26.825015 ==============================================================================
2026-06-20 13:00:27.450419 Tests.UI.Positive.TC-UI-REG-01
2026-06-20 13:00:27.466282 ==============================================================================
2026-06-20 13:00:41.833355 TC-UI-REG-01 :: This test case is to verify the registration funct... | PASS |
2026-06-20 13:00:41.871727 ------------------------------------------------------------------------------
2026-06-20 13:00:41.872131 Tests.UI.Positive.TC-UI-REG-01                                        | PASS |
2026-06-20 13:00:41.889520 1 test, 1 passed, 0 failed
2026-06-20 13:00:41.889676 ==============================================================================
2026-06-20 13:00:41.889712 Tests.UI.Positive                                                     | PASS |
2026-06-20 13:00:41.892746 1 test, 1 passed, 0 failed
2026-06-20 13:00:41.892914 ==============================================================================
2026-06-20 13:00:41.893072 Tests.UI                                                              | PASS |
2026-06-20 13:00:41.894855 1 test, 1 passed, 0 failed
2026-06-20 13:00:41.894912 ==============================================================================
2026-06-20 13:00:41.894952 Tests                                                                 | PASS |
2026-06-20 13:00:41.896504 1 test, 1 passed, 0 failed
2026-06-20 13:00:41.896556 ==============================================================================
2026-06-20 13:00:41.896594 Output:  C:\Users\azads\OneDrive\Desktop\project\reports\pabot_results\27\output.xml
