2026-06-20 12:59:10.019070 ==============================================================================
2026-06-20 12:59:10.045650 Tests
2026-06-20 12:59:10.045730 ==============================================================================
2026-06-20 12:59:10.045782 Tests.API
2026-06-20 12:59:10.047906 ==============================================================================
2026-06-20 12:59:10.047962 Tests.API.Positive
2026-06-20 12:59:10.050062 ==============================================================================
2026-06-20 12:59:10.628675 Tests.API.Positive.TC-PERF-02
2026-06-20 12:59:10.629471 ==============================================================================
2026-06-20 12:59:12.692959 TC-PERF-02 :: Verify login + get accounts completes within 5 seconds  Customer ID: 12212
2026-06-20 12:59:14.316258 Account ID: 13344
2026-06-20 12:59:14.354047 Response Time: 3723.407030105591 ms
2026-06-20 12:59:14.361367 | PASS |
2026-06-20 12:59:14.363486 ------------------------------------------------------------------------------
2026-06-20 12:59:14.363556 Tests.API.Positive.TC-PERF-02                                         | PASS |
2026-06-20 12:59:14.370313 1 test, 1 passed, 0 failed
2026-06-20 12:59:14.370353 ==============================================================================
2026-06-20 12:59:14.370376 Tests.API.Positive                                                    | PASS |
2026-06-20 12:59:14.371660 1 test, 1 passed, 0 failed
2026-06-20 12:59:14.371971 ==============================================================================
2026-06-20 12:59:14.372040 Tests.API                                                             | PASS |
2026-06-20 12:59:14.373102 1 test, 1 passed, 0 failed
2026-06-20 12:59:14.373133 ==============================================================================
2026-06-20 12:59:14.373155 Tests                                                                 | PASS |
2026-06-20 12:59:14.373783 1 test, 1 passed, 0 failed
2026-06-20 12:59:14.373958 ==============================================================================
2026-06-20 12:59:14.373991 Output:  C:\Users\azads\OneDrive\Desktop\project\reports\pabot_results\12\output.xml
