==============================================================================
Tests
==============================================================================
Tests.API
==============================================================================
Tests.API.Positive
==============================================================================
Tests.API.Positive.TC-PERF-02
==============================================================================
TC-PERF-02 :: Verify login + get accounts completes within 5 seconds  Customer ID: 12212
Account ID: 13344
Response Time: 3723.407030105591 ms
| PASS |
------------------------------------------------------------------------------
Tests.API.Positive.TC-PERF-02                                         | PASS |
1 test, 1 passed, 0 failed
==============================================================================
Tests.API.Positive                                                    | PASS |
1 test, 1 passed, 0 failed
==============================================================================
Tests.API                                                             | PASS |
1 test, 1 passed, 0 failed
==============================================================================
Tests                                                                 | PASS |
1 test, 1 passed, 0 failed
==============================================================================
Output:  C:\Users\azads\OneDrive\Desktop\project\reports\pabot_results\12\output.xml
