==============================================================================
Tests
==============================================================================
Tests.API
==============================================================================
Tests.API.Negative
==============================================================================
Tests.API.Negative.TC-PERF-04
==============================================================================
TC-PERF_04 :: Verify invalid customer request completes within 2 s... Response Time: 1862.7591133117676 ms
| PASS |
------------------------------------------------------------------------------
Tests.API.Negative.TC-PERF-04                                         | PASS |
1 test, 1 passed, 0 failed
==============================================================================
Tests.API.Negative                                                    | PASS |
1 test, 1 passed, 0 failed
==============================================================================
Tests.API                                                             | PASS |
1 test, 1 passed, 0 failed
==============================================================================
Tests                                                                 | PASS |
1 test, 1 passed, 0 failed
==============================================================================
Output:  C:\Users\azads\OneDrive\Desktop\project\reports\pabot_results\5\output.xml
