2026-06-20 12:58:56.108754 ==============================================================================
2026-06-20 12:58:56.111685 Tests
2026-06-20 12:58:56.111764 ==============================================================================
2026-06-20 12:58:56.111814 Tests.API
2026-06-20 12:58:56.114248 ==============================================================================
2026-06-20 12:58:56.114366 Tests.API.Negative
2026-06-20 12:58:56.116620 ==============================================================================
2026-06-20 12:58:56.612114 Tests.API.Negative.TC-PERF-04
2026-06-20 12:58:56.619898 ==============================================================================
2026-06-20 12:58:58.491054 TC-PERF_04 :: Verify invalid customer request completes within 2 s... Response Time: 1862.7591133117676 ms
2026-06-20 12:58:58.501471 | PASS |
2026-06-20 12:58:58.509485 ------------------------------------------------------------------------------
2026-06-20 12:58:58.509890 Tests.API.Negative.TC-PERF-04                                         | PASS |
2026-06-20 12:58:58.514390 1 test, 1 passed, 0 failed
2026-06-20 12:58:58.514506 ==============================================================================
2026-06-20 12:58:58.514570 Tests.API.Negative                                                    | PASS |
2026-06-20 12:58:58.515811 1 test, 1 passed, 0 failed
2026-06-20 12:58:58.515854 ==============================================================================
2026-06-20 12:58:58.515887 Tests.API                                                             | PASS |
2026-06-20 12:58:58.517027 1 test, 1 passed, 0 failed
2026-06-20 12:58:58.517076 ==============================================================================
2026-06-20 12:58:58.517113 Tests                                                                 | PASS |
2026-06-20 12:58:58.518110 1 test, 1 passed, 0 failed
2026-06-20 12:58:58.518158 ==============================================================================
2026-06-20 12:58:58.518195 Output:  C:\Users\azads\OneDrive\Desktop\project\reports\pabot_results\5\output.xml
