2026-06-20 12:59:00.620680 ==============================================================================
2026-06-20 12:59:00.628535 Tests
2026-06-20 12:59:00.628642 ==============================================================================
2026-06-20 12:59:00.628720 Tests.API
2026-06-20 12:59:00.631070 ==============================================================================
2026-06-20 12:59:00.631155 Tests.API.Positive
2026-06-20 12:59:00.633166 ==============================================================================
2026-06-20 12:59:01.120993 Tests.API.Positive.TC-API-ACC-06
2026-06-20 12:59:01.172040 ==============================================================================
2026-06-20 12:59:02.991923 TC-API-ACC-06 :: GEt specific account details using account ID        Customer ID: 12212
2026-06-20 12:59:04.750755 Account ID: 13344
2026-06-20 12:59:06.427382 {'id': 13344, 'customerId': 12212, 'type': 'CHECKING', 'balance': 4122.93}
2026-06-20 12:59:06.472244 | PASS |
2026-06-20 12:59:06.474307 ------------------------------------------------------------------------------
2026-06-20 12:59:06.474358 Tests.API.Positive.TC-API-ACC-06                                      | PASS |
2026-06-20 12:59:06.483589 1 test, 1 passed, 0 failed
2026-06-20 12:59:06.483854 ==============================================================================
2026-06-20 12:59:06.483894 Tests.API.Positive                                                    | PASS |
2026-06-20 12:59:06.485142 1 test, 1 passed, 0 failed
2026-06-20 12:59:06.485183 ==============================================================================
2026-06-20 12:59:06.485206 Tests.API                                                             | PASS |
2026-06-20 12:59:06.486472 1 test, 1 passed, 0 failed
2026-06-20 12:59:06.486560 ==============================================================================
2026-06-20 12:59:06.486589 Tests                                                                 | PASS |
2026-06-20 12:59:06.487898 1 test, 1 passed, 0 failed
2026-06-20 12:59:06.488089 ==============================================================================
2026-06-20 12:59:06.488148 Output:  C:\Users\azads\OneDrive\Desktop\project\reports\pabot_results\8\output.xml
