==============================================================================
Tests
==============================================================================
Tests.API
==============================================================================
Tests.API.Positive
==============================================================================
Tests.API.Positive.TC-API-ACC-06
==============================================================================
TC-API-ACC-06 :: GEt specific account details using account ID        Customer ID: 12212
Account ID: 13344
{'id': 13344, 'customerId': 12212, 'type': 'CHECKING', 'balance': 4122.93}
| PASS |
------------------------------------------------------------------------------
Tests.API.Positive.TC-API-ACC-06                                      | PASS |
1 test, 1 passed, 0 failed
==============================================================================
Tests.API.Positive                                                    | PASS |
1 test, 1 passed, 0 failed
==============================================================================
Tests.API                                                             | PASS |
1 test, 1 passed, 0 failed
==============================================================================
Tests                                                                 | PASS |
1 test, 1 passed, 0 failed
==============================================================================
Output:  C:\Users\azads\OneDrive\Desktop\project\reports\pabot_results\8\output.xml
