2026-06-20 12:59:48.578975 ==============================================================================
2026-06-20 12:59:48.626646 Tests
2026-06-20 12:59:48.626765 ==============================================================================
2026-06-20 12:59:48.626825 Tests.UI
2026-06-20 12:59:48.630362 ==============================================================================
2026-06-20 12:59:48.630427 Tests.UI.Negative
2026-06-20 12:59:48.633372 ==============================================================================
2026-06-20 12:59:49.125778 Tests.UI.Negative.TC-UI-TF-04
2026-06-20 12:59:49.169882 ==============================================================================
2026-06-20 13:00:04.096943 TC-UI-TF-04 :: Test case to transfer funds between two accounts wi... | PASS |
2026-06-20 13:00:04.117742 ------------------------------------------------------------------------------
2026-06-20 13:00:04.118182 Tests.UI.Negative.TC-UI-TF-04                                         | PASS |
2026-06-20 13:00:04.125263 1 test, 1 passed, 0 failed
2026-06-20 13:00:04.125311 ==============================================================================
2026-06-20 13:00:04.125346 Tests.UI.Negative                                                     | PASS |
2026-06-20 13:00:04.126487 1 test, 1 passed, 0 failed
2026-06-20 13:00:04.126521 ==============================================================================
2026-06-20 13:00:04.126544 Tests.UI                                                              | PASS |
2026-06-20 13:00:04.127379 1 test, 1 passed, 0 failed
2026-06-20 13:00:04.127417 ==============================================================================
2026-06-20 13:00:04.127445 Tests                                                                 | PASS |
2026-06-20 13:00:04.128108 1 test, 1 passed, 0 failed
2026-06-20 13:00:04.128191 ==============================================================================
2026-06-20 13:00:04.128230 Output:  C:\Users\azads\OneDrive\Desktop\project\reports\pabot_results\20\output.xml
