==============================================================================
Tests
==============================================================================
Tests.UI
==============================================================================
Tests.UI.Negative
==============================================================================
Tests.UI.Negative.TC-UI-TF-04
==============================================================================
TC-UI-TF-04 :: Test case to transfer funds between two accounts wi... | PASS |
------------------------------------------------------------------------------
Tests.UI.Negative.TC-UI-TF-04                                         | PASS |
1 test, 1 passed, 0 failed
==============================================================================
Tests.UI.Negative                                                     | PASS |
1 test, 1 passed, 0 failed
==============================================================================
Tests.UI                                                              | PASS |
1 test, 1 passed, 0 failed
==============================================================================
Tests                                                                 | PASS |
1 test, 1 passed, 0 failed
==============================================================================
Output:  C:\Users\azads\OneDrive\Desktop\project\reports\pabot_results\20\output.xml
