==============================================================================
Tests
==============================================================================
Tests.API
==============================================================================
Tests.API.Negative
==============================================================================
Tests.API.Negative.TC-API-ACC-07
==============================================================================
TC-API-ACC-07 :: GEt account with invalid account ID                  Status Code: 400
Could not find account #0
| PASS |
------------------------------------------------------------------------------
Tests.API.Negative.TC-API-ACC-07                                      | PASS |
1 test, 1 passed, 0 failed
==============================================================================
Tests.API.Negative                                                    | PASS |
1 test, 1 passed, 0 failed
==============================================================================
Tests.API                                                             | PASS |
1 test, 1 passed, 0 failed
==============================================================================
Tests                                                                 | PASS |
1 test, 1 passed, 0 failed
==============================================================================
Output:  C:\Users\azads\OneDrive\Desktop\project\reports\pabot_results\1\output.xml
