2026-06-20 12:58:51.483185 ==============================================================================
2026-06-20 12:58:51.485638 Tests
2026-06-20 12:58:51.485746 ==============================================================================
2026-06-20 12:58:51.485804 Tests.API
2026-06-20 12:58:51.488816 ==============================================================================
2026-06-20 12:58:51.488899 Tests.API.Negative
2026-06-20 12:58:51.491364 ==============================================================================
2026-06-20 12:58:51.984348 Tests.API.Negative.TC-API-ACC-07
2026-06-20 12:58:52.024275 ==============================================================================
2026-06-20 12:58:54.401988 TC-API-ACC-07 :: GEt account with invalid account ID                  Status Code: 400
2026-06-20 12:58:54.416847 Could not find account #0
2026-06-20 12:58:54.419244 | PASS |
2026-06-20 12:58:54.428660 ------------------------------------------------------------------------------
2026-06-20 12:58:54.428861 Tests.API.Negative.TC-API-ACC-07                                      | PASS |
2026-06-20 12:58:54.433020 1 test, 1 passed, 0 failed
2026-06-20 12:58:54.433131 ==============================================================================
2026-06-20 12:58:54.433176 Tests.API.Negative                                                    | PASS |
2026-06-20 12:58:54.434827 1 test, 1 passed, 0 failed
2026-06-20 12:58:54.434916 ==============================================================================
2026-06-20 12:58:54.434964 Tests.API                                                             | PASS |
2026-06-20 12:58:54.435939 1 test, 1 passed, 0 failed
2026-06-20 12:58:54.436013 ==============================================================================
2026-06-20 12:58:54.436057 Tests                                                                 | PASS |
2026-06-20 12:58:54.436967 1 test, 1 passed, 0 failed
2026-06-20 12:58:54.437020 ==============================================================================
2026-06-20 12:58:54.437059 Output:  C:\Users\azads\OneDrive\Desktop\project\reports\pabot_results\1\output.xml
