==============================================================================
Tests
==============================================================================
Tests.UI
==============================================================================
Tests.UI.Positive
==============================================================================
Tests.UI.Positive.TC-UI-OA-02
==============================================================================
TC-UI-OA-02 :: Verify that user can open saving account successfully  | PASS |
------------------------------------------------------------------------------
Tests.UI.Positive.TC-UI-OA-02                                         | PASS |
1 test, 1 passed, 0 failed
==============================================================================
Tests.UI.Positive                                                     | PASS |
1 test, 1 passed, 0 failed
==============================================================================
Tests.UI                                                              | PASS |
1 test, 1 passed, 0 failed
==============================================================================
Tests                                                                 | PASS |
1 test, 1 passed, 0 failed
==============================================================================
Output:  C:\Users\azads\OneDrive\Desktop\project\reports\pabot_results\26\output.xml
