2026-06-20 13:00:20.355929 ==============================================================================
2026-06-20 13:00:20.373326 Tests
2026-06-20 13:00:20.373417 ==============================================================================
2026-06-20 13:00:20.373463 Tests.UI
2026-06-20 13:00:20.375787 ==============================================================================
2026-06-20 13:00:20.375838 Tests.UI.Positive
2026-06-20 13:00:20.377976 ==============================================================================
2026-06-20 13:00:20.872934 Tests.UI.Positive.TC-UI-OA-02
2026-06-20 13:00:20.889247 ==============================================================================
2026-06-20 13:00:34.776838 TC-UI-OA-02 :: Verify that user can open saving account successfully  | PASS |
2026-06-20 13:00:34.830977 ------------------------------------------------------------------------------
2026-06-20 13:00:34.831440 Tests.UI.Positive.TC-UI-OA-02                                         | PASS |
2026-06-20 13:00:34.839167 1 test, 1 passed, 0 failed
2026-06-20 13:00:34.839256 ==============================================================================
2026-06-20 13:00:34.839296 Tests.UI.Positive                                                     | PASS |
2026-06-20 13:00:34.841911 1 test, 1 passed, 0 failed
2026-06-20 13:00:34.841946 ==============================================================================
2026-06-20 13:00:34.841968 Tests.UI                                                              | PASS |
2026-06-20 13:00:34.843176 1 test, 1 passed, 0 failed
2026-06-20 13:00:34.843243 ==============================================================================
2026-06-20 13:00:34.843277 Tests                                                                 | PASS |
2026-06-20 13:00:34.844283 1 test, 1 passed, 0 failed
2026-06-20 13:00:34.844315 ==============================================================================
2026-06-20 13:00:34.844337 Output:  C:\Users\azads\OneDrive\Desktop\project\reports\pabot_results\26\output.xml
