==============================================================================
Tests
==============================================================================
Tests.UI
==============================================================================
Tests.UI.Positive
==============================================================================
Tests.UI.Positive.TC-UI-AO-01
==============================================================================
TC-UI-AO-01 :: Verify that the user can successfully navigate to t... | PASS |
------------------------------------------------------------------------------
Tests.UI.Positive.TC-UI-AO-01                                         | PASS |
1 test, 1 passed, 0 failed
==============================================================================
Tests.UI.Positive                                                     | PASS |
1 test, 1 passed, 0 failed
==============================================================================
Tests.UI                                                              | PASS |
1 test, 1 passed, 0 failed
==============================================================================
Tests                                                                 | PASS |
1 test, 1 passed, 0 failed
==============================================================================
Output:  C:\Users\azads\OneDrive\Desktop\project\reports\pabot_results\22\output.xml
