2026-06-20 13:00:04.409688 ==============================================================================
2026-06-20 13:00:04.442270 Tests
2026-06-20 13:00:04.442395 ==============================================================================
2026-06-20 13:00:04.442460 Tests.UI
2026-06-20 13:00:04.445112 ==============================================================================
2026-06-20 13:00:04.445172 Tests.UI.Positive
2026-06-20 13:00:04.447192 ==============================================================================
2026-06-20 13:00:04.941328 Tests.UI.Positive.TC-UI-AO-01
2026-06-20 13:00:04.961211 ==============================================================================
2026-06-20 13:00:18.191969 TC-UI-AO-01 :: Verify that the user can successfully navigate to t... | PASS |
2026-06-20 13:00:18.245933 ------------------------------------------------------------------------------
2026-06-20 13:00:18.254757 Tests.UI.Positive.TC-UI-AO-01                                         | PASS |
2026-06-20 13:00:18.255839 1 test, 1 passed, 0 failed
2026-06-20 13:00:18.255992 ==============================================================================
2026-06-20 13:00:18.256041 Tests.UI.Positive                                                     | PASS |
2026-06-20 13:00:18.258324 1 test, 1 passed, 0 failed
2026-06-20 13:00:18.258430 ==============================================================================
2026-06-20 13:00:18.258625 Tests.UI                                                              | PASS |
2026-06-20 13:00:18.259917 1 test, 1 passed, 0 failed
2026-06-20 13:00:18.259977 ==============================================================================
2026-06-20 13:00:18.260017 Tests                                                                 | PASS |
2026-06-20 13:00:18.261444 1 test, 1 passed, 0 failed
2026-06-20 13:00:18.261510 ==============================================================================
2026-06-20 13:00:18.261549 Output:  C:\Users\azads\OneDrive\Desktop\project\reports\pabot_results\22\output.xml
